<?xml version="1.0" encoding="UTF-8"?>
<robot generator="Robot 7.4.1 (Python 3.12.5 on win32)" generated="2026-02-20T22:17:58.440022" rpa="false" schemaversion="5">
<suite id="s1" name="Lab Ecommerce" source="C:\Users\thiru\PycharmProjects\PythonAdvanceProject\RobotFramework\DataDriven\lab_ecommerce.robot">
<test id="s1-t1" name="verify login" line="10">
<kw name="Open Browser" owner="SeleniumLibrary">
<msg time="2026-02-20T22:17:58.667050" level="INFO">Opening browser 'firefox' to base url 'https://practice.automationtesting.in/'.</msg>
<arg>${url}</arg>
<arg>firefox</arg>
<doc>Opens a new browser instance to the optional ``url``.</doc>
<status status="PASS" start="2026-02-20T22:17:58.667050" elapsed="8.462456"/>
</kw>
<kw name="Maximize Browser Window" owner="SeleniumLibrary">
<doc>Maximizes current browser window.</doc>
<status status="PASS" start="2026-02-20T22:18:07.129506" elapsed="0.308109"/>
</kw>
<kw name="Wait Until Element Is Visible" owner="SeleniumLibrary">
<arg>(//a[@class='button product_type_simple add_to_cart_button ajax_add_to_cart'][normalize-space()='Add to basket'])[1]</arg>
<doc>Waits until the element ``locator`` is visible.</doc>
<status status="PASS" start="2026-02-20T22:18:07.437615" elapsed="0.273164"/>
</kw>
<kw name="Click Element" owner="SeleniumLibrary">
<msg time="2026-02-20T22:18:07.726228" level="INFO">Clicking element '(//a[@class='button product_type_simple add_to_cart_button ajax_add_to_cart'][normalize-space()='Add to basket'])[1]'.</msg>
<arg>(//a[@class='button product_type_simple add_to_cart_button ajax_add_to_cart'][normalize-space()='Add to basket'])[1]</arg>
<doc>Click the element identified by ``locator``.</doc>
<status status="PASS" start="2026-02-20T22:18:07.723066" elapsed="0.208636"/>
</kw>
<kw name="Wait Until Element Is Visible" owner="SeleniumLibrary">
<arg>(//a[normalize-space()='View Basket'])[1]</arg>
<doc>Waits until the element ``locator`` is visible.</doc>
<status status="PASS" start="2026-02-20T22:18:07.949120" elapsed="0.405048"/>
</kw>
<kw name="Click Element" owner="SeleniumLibrary">
<msg time="2026-02-20T22:18:08.379504" level="INFO">Clicking element '(//a[normalize-space()='View Basket'])[1]'.</msg>
<arg>(//a[normalize-space()='View Basket'])[1]</arg>
<doc>Click the element identified by ``locator``.</doc>
<status status="PASS" start="2026-02-20T22:18:08.379504" elapsed="1.270548"/>
</kw>
<kw name="Sleep" owner="BuiltIn">
<msg time="2026-02-20T22:18:14.650543" level="INFO">Slept 5 seconds.</msg>
<arg>5s</arg>
<doc>Pauses the test executed for the given time.</doc>
<status status="PASS" start="2026-02-20T22:18:09.650052" elapsed="5.000491"/>
</kw>
<kw name="Wait Until Element Is Visible" owner="SeleniumLibrary">
<arg>//a[@class='checkout-button button alt wc-forward']</arg>
<doc>Waits until the element ``locator`` is visible.</doc>
<status status="PASS" start="2026-02-20T22:18:14.650543" elapsed="0.027020"/>
</kw>
<kw name="Click Element" owner="SeleniumLibrary">
<msg time="2026-02-20T22:18:14.677563" level="INFO">Clicking element '//a[@class='checkout-button button alt wc-forward']'.</msg>
<arg>//a[@class='checkout-button button alt wc-forward']</arg>
<doc>Click the element identified by ``locator``.</doc>
<status status="PASS" start="2026-02-20T22:18:14.677563" elapsed="1.167592"/>
</kw>
<kw name="Sleep" owner="BuiltIn">
<msg time="2026-02-20T22:18:20.845551" level="INFO">Slept 5 seconds.</msg>
<arg>5s</arg>
<doc>Pauses the test executed for the given time.</doc>
<status status="PASS" start="2026-02-20T22:18:15.845155" elapsed="5.000396"/>
</kw>
<kw name="Wait Until Element Is Visible" owner="SeleniumLibrary">
<arg>//input[@id='billing_first_name']</arg>
<doc>Waits until the element ``locator`` is visible.</doc>
<status status="PASS" start="2026-02-20T22:18:20.845551" elapsed="0.024050"/>
</kw>
<kw name="Input Text" owner="SeleniumLibrary">
<msg time="2026-02-20T22:18:20.877901" level="INFO">Typing text 'varun' into text field 'billing_first_name'.</msg>
<arg>billing_first_name</arg>
<arg>varun</arg>
<doc>Types the given ``text`` into the text field identified by ``locator``.</doc>
<status status="PASS" start="2026-02-20T22:18:20.875884" elapsed="0.037169"/>
</kw>
<kw name="Input Text" owner="SeleniumLibrary">
<msg time="2026-02-20T22:18:20.913053" level="INFO">Typing text 'varun' into text field 'billing_last_name'.</msg>
<arg>billing_last_name</arg>
<arg>varun</arg>
<doc>Types the given ``text`` into the text field identified by ``locator``.</doc>
<status status="PASS" start="2026-02-20T22:18:20.913053" elapsed="0.033348"/>
</kw>
<kw name="Input Text" owner="SeleniumLibrary">
<msg time="2026-02-20T22:18:20.946401" level="INFO">Typing text 'varun@gmail.com' into text field 'billing_email'.</msg>
<arg>billing_email</arg>
<arg>varun@gmail.com</arg>
<doc>Types the given ``text`` into the text field identified by ``locator``.</doc>
<status status="PASS" start="2026-02-20T22:18:20.946401" elapsed="0.028853"/>
</kw>
<kw name="Input Text" owner="SeleniumLibrary">
<msg time="2026-02-20T22:18:20.975254" level="INFO">Typing text '9876543210' into text field 'billing_phone'.</msg>
<arg>billing_phone</arg>
<arg>9876543210</arg>
<doc>Types the given ``text`` into the text field identified by ``locator``.</doc>
<status status="PASS" start="2026-02-20T22:18:20.975254" elapsed="0.033786"/>
</kw>
<kw name="Input Text" owner="SeleniumLibrary">
<msg time="2026-02-20T22:18:21.009040" level="INFO">Typing text 'varun-varun' into text field 'billing_address_1'.</msg>
<arg>billing_address_1</arg>
<arg>varun-varun</arg>
<doc>Types the given ``text`` into the text field identified by ``locator``.</doc>
<status status="PASS" start="2026-02-20T22:18:21.009040" elapsed="0.041286"/>
</kw>
<kw name="Input Text" owner="SeleniumLibrary">
<msg time="2026-02-20T22:18:21.050326" level="INFO">Typing text 'varun-e' into text field 'billing_city'.</msg>
<arg>billing_city</arg>
<arg>varun-e</arg>
<doc>Types the given ``text`` into the text field identified by ``locator``.</doc>
<status status="PASS" start="2026-02-20T22:18:21.050326" elapsed="0.033084"/>
</kw>
<kw name="Input Text" owner="SeleniumLibrary">
<msg time="2026-02-20T22:18:21.083410" level="INFO">Typing text '12345' into text field 'billing_postcode'.</msg>
<arg>billing_postcode</arg>
<arg>12345</arg>
<doc>Types the given ``text`` into the text field identified by ``locator``.</doc>
<status status="PASS" start="2026-02-20T22:18:21.083410" elapsed="0.045768"/>
</kw>
<kw name="Click Element" owner="SeleniumLibrary">
<msg time="2026-02-20T22:18:21.129178" level="INFO">Clicking element '//input[@id='payment_method_cod']'.</msg>
<arg>//input[@id='payment_method_cod']</arg>
<doc>Click the element identified by ``locator``.</doc>
<status status="PASS" start="2026-02-20T22:18:21.129178" elapsed="0.097288"/>
</kw>
<kw name="Scroll Element Into View" owner="SeleniumLibrary">
<msg time="2026-02-20T22:18:21.377723" level="INFO" html="true">&lt;/td&gt;&lt;/tr&gt;&lt;tr&gt;&lt;td colspan="3"&gt;&lt;a href="selenium-screenshot-2.png"&gt;&lt;img src="selenium-screenshot-2.png" width="800px"&gt;&lt;/a&gt;</msg>
<msg time="2026-02-20T22:18:21.377723" level="FAIL">MoveTargetOutOfBoundsException: Message: Move target (1256, 764) is out of bounds of viewport dimensions (1536, 731)
Stacktrace:
RemoteError@chrome://remote/content/shared/RemoteError.sys.mjs:8:8
WebDriverError@chrome://remote/content/shared/webdriver/Errors.sys.mjs:202:5
MoveTargetOutOfBoundsError@chrome://remote/content/shared/webdriver/Errors.sys.mjs:521:5
assertTargetInViewPort@chrome://remote/content/shared/webdriver/Actions.sys.mjs:3170:11
#assertInViewPort@chrome://remote/content/marionette/actors/MarionetteCommandsChild.sys.mjs:67:17
receiveMessage@chrome://remote/content/marionette/actors/MarionetteCommandsChild.sys.mjs:187:42
</msg>
<arg>//input[@id='place_order']</arg>
<doc>Scrolls the element identified by ``locator`` into view.</doc>
<status status="FAIL" start="2026-02-20T22:18:21.226466" elapsed="0.210295">MoveTargetOutOfBoundsException: Message: Move target (1256, 764) is out of bounds of viewport dimensions (1536, 731)
Stacktrace:
RemoteError@chrome://remote/content/shared/RemoteError.sys.mjs:8:8
WebDriverError@chrome://remote/content/shared/webdriver/Errors.sys.mjs:202:5
MoveTargetOutOfBoundsError@chrome://remote/content/shared/webdriver/Errors.sys.mjs:521:5
assertTargetInViewPort@chrome://remote/content/shared/webdriver/Actions.sys.mjs:3170:11
#assertInViewPort@chrome://remote/content/marionette/actors/MarionetteCommandsChild.sys.mjs:67:17
receiveMessage@chrome://remote/content/marionette/actors/MarionetteCommandsChild.sys.mjs:187:42
</status>
</kw>
<kw name="Wait Until Element Is Visible" owner="SeleniumLibrary">
<arg>//input[@id='place_order']</arg>
<doc>Waits until the element ``locator`` is visible.</doc>
<status status="NOT RUN" start="2026-02-20T22:18:21.436761" elapsed="0.000000"/>
</kw>
<kw name="Click Element" owner="SeleniumLibrary">
<arg>//input[@id='place_order']</arg>
<doc>Click the element identified by ``locator``.</doc>
<status status="NOT RUN" start="2026-02-20T22:18:21.440796" elapsed="0.000000"/>
</kw>
<kw name="Sleep" owner="BuiltIn">
<arg>5s</arg>
<doc>Pauses the test executed for the given time.</doc>
<status status="NOT RUN" start="2026-02-20T22:18:21.440796" elapsed="0.000000"/>
</kw>
<kw name="Close Browser" owner="SeleniumLibrary">
<doc>Closes the current browser.</doc>
<status status="NOT RUN" start="2026-02-20T22:18:21.440796" elapsed="0.000000"/>
</kw>
<status status="FAIL" start="2026-02-20T22:17:58.667050" elapsed="22.773746">MoveTargetOutOfBoundsException: Message: Move target (1256, 764) is out of bounds of viewport dimensions (1536, 731)
Stacktrace:
RemoteError@chrome://remote/content/shared/RemoteError.sys.mjs:8:8
WebDriverError@chrome://remote/content/shared/webdriver/Errors.sys.mjs:202:5
MoveTargetOutOfBoundsError@chrome://remote/content/shared/webdriver/Errors.sys.mjs:521:5
assertTargetInViewPort@chrome://remote/content/shared/webdriver/Actions.sys.mjs:3170:11
#assertInViewPort@chrome://remote/content/marionette/actors/MarionetteCommandsChild.sys.mjs:67:17
receiveMessage@chrome://remote/content/marionette/actors/MarionetteCommandsChild.sys.mjs:187:42
</status>
</test>
<status status="FAIL" start="2026-02-20T22:17:58.440022" elapsed="23.004935"/>
</suite>
<statistics>
<total>
<stat pass="0" fail="1" skip="0">All Tests</stat>
</total>
<tag>
</tag>
<suite>
<stat name="Lab Ecommerce" id="s1" pass="0" fail="1" skip="0">Lab Ecommerce</stat>
</suite>
</statistics>
<errors>
</errors>
</robot>
